INFO:root:cattura
INFO:root:cattura lo schermo
INFO:root:cattura
INFO:root:cattura lo schermo
INFO:root:salva immagine su file png
INFO:root:calcola il colore dominante
INFO:root:calcola la palette dominante
INFO:root:cattura
INFO:root:cattura lo schermo
INFO:root:salva immagine su file png
INFO:root:calcola il colore dominante
INFO:root:calcola la palette dominante
INFO:root:cattura
INFO:root:cattura lo schermo
INFO:root:salva immagine su file png
INFO:root:calcola il colore dominante
INFO:root:calcola la palette dominante
INFO:root:cattura
INFO:root:cattura lo schermo
INFO:root:salva immagine su file png
INFO:root:calcola il colore dominante
INFO:root:calcola la palette dominante
INFO:root:cattura
INFO:root:cattura lo schermo
INFO:root:salva immagine su file png
INFO:root:calcola il colore dominante
INFO:root:calcola la palette dominante
INFO:root:cattura
INFO:root:cattura lo schermo
INFO:root:salva immagine su file png
INFO:root:calcola il colore dominante
INFO:root:calcola la palette dominante
INFO:root:cattura
INFO:root:cattura lo schermo
INFO:root:salva immagine su file png
INFO:root:calcola il colore dominante
INFO:root:calcola la palette dominante
